This file contains any messages produced by compilers while
running configure, to aid debugging if configure makes a mistake.

It was created by FULL-PACKAGE-NAME configure VERSION, which was
generated by GNU Autoconf 2.59.  Invocation command line was

  $ ./configure --prefix=/usr/local/freeswitch --no-create --no-recursion

## --------- ##
## Platform. ##
## --------- ##

hostname = agentbox3
uname -m = i686
uname -r = 2.6.9-r1
uname -s = Linux
uname -v = #4 SMP Tue Mar 21 23:08:10 UTC 2006

/usr/bin/uname -p = unknown
/bin/uname -X     = unknown

/bin/arch              = i686
/usr/bin/arch -k       = unknown
/usr/convex/getsysinfo = unknown
hostinfo               = unknown
/bin/machine           = unknown
/usr/bin/oslevel       = unknown
/bin/universe          = unknown

PATH: /sbin
PATH: /usr/sbin
PATH: /bin
PATH: /usr/bin
PATH: /usr/X11R6/bin
PATH: /opt/bin
PATH: /usr/local/bin
PATH: /usr/local/sbin


## ----------- ##
## Core tests. ##
## ----------- ##

configure:1551: checking for a BSD-compatible install
configure:1606: result: /usr/bin/install -c
configure:1617: checking whether build environment is sane
configure:1660: result: yes
configure:1725: checking for gawk
configure:1741: found /usr/bin/gawk
configure:1751: result: gawk
configure:1761: checking whether make sets $(MAKE)
configure:1781: result: yes
configure:1999: checking for gcc
configure:2015: found /usr/bin/gcc
configure:2025: result: gcc
configure:2269: checking for C compiler version
configure:2272: gcc --version </dev/null >&5
gcc (GCC) 3.3.4 (AsterLinux)
Copyright (C) 2003 Free Software Foundation, Inc.
This is free software; see the source for copying conditions.  There is NO
warranty; not even for MERCHANTABILITY or FITNESS FOR A PARTICULAR PURPOSE.

configure:2275: $? = 0
configure:2277: gcc -v </dev/null >&5
Reading specs from /usr/lib/gcc-lib/i686-pc-linux-gnu/3.3.4/specs
Configured with: ../gcc-3.3.4/configure --prefix=/usr --enable-languages=c,c++,objc --enable-threads=posix --enable-__cxa_atexit --enable-clocale=gnu --enable-shared --disable-nls
Thread model: posix
gcc version 3.3.4 (AsterLinux)
configure:2280: $? = 0
configure:2282: gcc -V </dev/null >&5
gcc: `-V' option must have argument
configure:2285: $? = 1
configure:2308: checking for C compiler default output file name
configure:2311: gcc    conftest.c  >&5
configure:2314: $? = 0
configure:2360: result: a.out
configure:2365: checking whether the C compiler works
configure:2371: ./a.out
configure:2374: $? = 0
configure:2391: result: yes
configure:2398: checking whether we are cross compiling
configure:2400: result: no
configure:2403: checking for suffix of executables
configure:2405: gcc -o conftest    conftest.c  >&5
configure:2408: $? = 0
configure:2433: result: 
configure:2439: checking for suffix of object files
configure:2460: gcc -c   conftest.c >&5
configure:2463: $? = 0
configure:2485: result: o
configure:2489: checking whether we are using the GNU C compiler
configure:2513: gcc -c   conftest.c >&5
configure:2519: $? = 0
configure:2523: test -z 
			 || test ! -s conftest.err
configure:2526: $? = 0
configure:2529: test -s conftest.o
configure:2532: $? = 0
configure:2545: result: yes
configure:2551: checking whether gcc accepts -g
configure:2572: gcc -c -g  conftest.c >&5
configure:2578: $? = 0
configure:2582: test -z 
			 || test ! -s conftest.err
configure:2585: $? = 0
configure:2588: test -s conftest.o
configure:2591: $? = 0
configure:2602: result: yes
configure:2619: checking for gcc option to accept ANSI C
configure:2689: gcc  -c -g -O2  conftest.c >&5
configure:2695: $? = 0
configure:2699: test -z 
			 || test ! -s conftest.err
configure:2702: $? = 0
configure:2705: test -s conftest.o
configure:2708: $? = 0
configure:2726: result: none needed
configure:2744: gcc -c -g -O2  conftest.c >&5
conftest.c:2: error: parse error before "me"
configure:2750: $? = 1
configure: failed program was:
| #ifndef __cplusplus
|   choke me
| #endif
configure:2894: checking for style of include used by make
configure:2922: result: GNU
configure:2950: checking dependency style of gcc
configure:3040: result: gcc3
configure:3057: checking whether make sets $(MAKE)
configure:3077: result: yes
configure:3164: checking build system type
configure:3182: result: i686-pc-linux-gnu
configure:3190: checking host system type
configure:3204: result: i686-pc-linux-gnu
configure:3212: checking for a sed that does not truncate output
configure:3266: result: /bin/sed
configure:3269: checking for egrep
configure:3279: result: grep -E
configure:3295: checking for ld used by gcc
configure:3362: result: /usr/bin/ld
configure:3371: checking if the linker (/usr/bin/ld) is GNU ld
configure:3386: result: yes
configure:3391: checking for /usr/bin/ld option to reload object files
configure:3398: result: -r
configure:3416: checking for BSD-compatible nm
configure:3458: result: /usr/bin/nm -B
configure:3462: checking whether ln -s works
configure:3466: result: yes
configure:3473: checking how to recognise dependent libraries
configure:3645: result: pass_all
configure:3859: checking how to run the C preprocessor
configure:3894: gcc -E  conftest.c
configure:3900: $? = 0
configure:3932: gcc -E  conftest.c
conftest.c:11:28: ac_nonexistent.h: No such file or directory
configure:3938: $? = 1
configure: failed program was:
| /* confdefs.h.  */
| 
| #define PACKAGE_NAME "FULL-PACKAGE-NAME"
| #define PACKAGE_TARNAME "full-package-name"
| #define PACKAGE_VERSION "VERSION"
| #define PACKAGE_STRING "FULL-PACKAGE-NAME VERSION"
| #define PACKAGE_BUGREPORT "BUG-REPORT-ADDRESS"
| #define PACKAGE "libspeakup"
| #define VERSION "0.1"
| /* end confdefs.h.  */
| #include <ac_nonexistent.h>
configure:3977: result: gcc -E
configure:4001: gcc -E  conftest.c
configure:4007: $? = 0
configure:4039: gcc -E  conftest.c
conftest.c:11:28: ac_nonexistent.h: No such file or directory
configure:4045: $? = 1
configure: failed program was:
| /* confdefs.h.  */
| 
| #define PACKAGE_NAME "FULL-PACKAGE-NAME"
| #define PACKAGE_TARNAME "full-package-name"
| #define PACKAGE_VERSION "VERSION"
| #define PACKAGE_STRING "FULL-PACKAGE-NAME VERSION"
| #define PACKAGE_BUGREPORT "BUG-REPORT-ADDRESS"
| #define PACKAGE "libspeakup"
| #define VERSION "0.1"
| /* end confdefs.h.  */
| #include <ac_nonexistent.h>
configure:4089: checking for ANSI C header files
configure:4114: gcc -c -g -O2  conftest.c >&5
configure:4120: $? = 0
configure:4124: test -z 
			 || test ! -s conftest.err
configure:4127: $? = 0
configure:4130: test -s conftest.o
configure:4133: $? = 0
configure:4219: gcc -o conftest -g -O2   conftest.c  >&5
configure:4222: $? = 0
configure:4224: ./conftest
configure:4227: $? = 0
configure:4242: result: yes
configure:4266: checking for sys/types.h
configure:4282: gcc -c -g -O2  conftest.c >&5
configure:4288: $? = 0
configure:4292: test -z 
			 || test ! -s conftest.err
configure:4295: $? = 0
configure:4298: test -s conftest.o
configure:4301: $? = 0
configure:4312: result: yes
configure:4266: checking for sys/stat.h
configure:4282: gcc -c -g -O2  conftest.c >&5
configure:4288: $? = 0
configure:4292: test -z 
			 || test ! -s conftest.err
configure:4295: $? = 0
configure:4298: test -s conftest.o
configure:4301: $? = 0
configure:4312: result: yes
configure:4266: checking for stdlib.h
configure:4282: gcc -c -g -O2  conftest.c >&5
configure:4288: $? = 0
configure:4292: test -z 
			 || test ! -s conftest.err
configure:4295: $? = 0
configure:4298: test -s conftest.o
configure:4301: $? = 0
configure:4312: result: yes
configure:4266: checking for string.h
configure:4282: gcc -c -g -O2  conftest.c >&5
configure:4288: $? = 0
configure:4292: test -z 
			 || test ! -s conftest.err
configure:4295: $? = 0
configure:4298: test -s conftest.o
configure:4301: $? = 0
configure:4312: result: yes
configure:4266: checking for memory.h
configure:4282: gcc -c -g -O2  conftest.c >&5
configure:4288: $? = 0
configure:4292: test -z 
			 || test ! -s conftest.err
configure:4295: $? = 0
configure:4298: test -s conftest.o
configure:4301: $? = 0
configure:4312: result: yes
configure:4266: checking for strings.h
configure:4282: gcc -c -g -O2  conftest.c >&5
configure:4288: $? = 0
configure:4292: test -z 
			 || test ! -s conftest.err
configure:4295: $? = 0
configure:4298: test -s conftest.o
configure:4301: $? = 0
configure:4312: result: yes
configure:4266: checking for inttypes.h
configure:4282: gcc -c -g -O2  conftest.c >&5
configure:4288: $? = 0
configure:4292: test -z 
			 || test ! -s conftest.err
configure:4295: $? = 0
configure:4298: test -s conftest.o
configure:4301: $? = 0
configure:4312: result: yes
configure:4266: checking for stdint.h
configure:4282: gcc -c -g -O2  conftest.c >&5
configure:4288: $? = 0
configure:4292: test -z 
			 || test ! -s conftest.err
configure:4295: $? = 0
configure:4298: test -s conftest.o
configure:4301: $? = 0
configure:4312: result: yes
configure:4266: checking for unistd.h
configure:4282: gcc -c -g -O2  conftest.c >&5
configure:4288: $? = 0
configure:4292: test -z 
			 || test ! -s conftest.err
configure:4295: $? = 0
configure:4298: test -s conftest.o
configure:4301: $? = 0
configure:4312: result: yes
configure:4338: checking dlfcn.h usability
configure:4350: gcc -c -g -O2  conftest.c >&5
configure:4356: $? = 0
configure:4360: test -z 
			 || test ! -s conftest.err
configure:4363: $? = 0
configure:4366: test -s conftest.o
configure:4369: $? = 0
configure:4379: result: yes
configure:4383: checking dlfcn.h presence
configure:4393: gcc -E  conftest.c
configure:4399: $? = 0
configure:4419: result: yes
configure:4454: checking for dlfcn.h
configure:4461: result: yes
configure:4526: checking for g++
configure:4542: found /usr/bin/g++
configure:4552: result: g++
configure:4568: checking for C++ compiler version
configure:4571: g++ --version </dev/null >&5
g++ (GCC) 3.3.4 (AsterLinux)
Copyright (C) 2003 Free Software Foundation, Inc.
This is free software; see the source for copying conditions.  There is NO
warranty; not even for MERCHANTABILITY or FITNESS FOR A PARTICULAR PURPOSE.

configure:4574: $? = 0
configure:4576: g++ -v </dev/null >&5
Reading specs from /usr/lib/gcc-lib/i686-pc-linux-gnu/3.3.4/specs
Configured with: ../gcc-3.3.4/configure --prefix=/usr --enable-languages=c,c++,objc --enable-threads=posix --enable-__cxa_atexit --enable-clocale=gnu --enable-shared --disable-nls
Thread model: posix
gcc version 3.3.4 (AsterLinux)
configure:4579: $? = 0
configure:4581: g++ -V </dev/null >&5
g++: `-V' option must have argument
configure:4584: $? = 1
configure:4587: checking whether we are using the GNU C++ compiler
configure:4611: g++ -c   conftest.cc >&5
configure:4617: $? = 0
configure:4621: test -z 
			 || test ! -s conftest.err
configure:4624: $? = 0
configure:4627: test -s conftest.o
configure:4630: $? = 0
configure:4643: result: yes
configure:4649: checking whether g++ accepts -g
configure:4670: g++ -c -g  conftest.cc >&5
configure:4676: $? = 0
configure:4680: test -z 
			 || test ! -s conftest.err
configure:4683: $? = 0
configure:4686: test -s conftest.o
configure:4689: $? = 0
configure:4700: result: yes
configure:4742: g++ -c -g -O2  conftest.cc >&5
configure:4748: $? = 0
configure:4752: test -z 
			 || test ! -s conftest.err
configure:4755: $? = 0
configure:4758: test -s conftest.o
configure:4761: $? = 0
configure:4787: g++ -c -g -O2  conftest.cc >&5
conftest.cc: In function `int main()':
conftest.cc:26: error: `exit' undeclared (first use this function)
conftest.cc:26: error: (Each undeclared identifier is reported only once for 
   each function it appears in.)
configure:4793: $? = 1
configure: failed program was:
| /* confdefs.h.  */
| 
| #define PACKAGE_NAME "FULL-PACKAGE-NAME"
| #define PACKAGE_TARNAME "full-package-name"
| #define PACKAGE_VERSION "VERSION"
| #define PACKAGE_STRING "FULL-PACKAGE-NAME VERSION"
| #define PACKAGE_BUGREPORT "BUG-REPORT-ADDRESS"
| #define PACKAGE "libspeakup"
| #define VERSION "0.1"
| #define STDC_HEADERS 1
| #define HAVE_SYS_TYPES_H 1
| #define HAVE_SYS_STAT_H 1
| #define HAVE_STDLIB_H 1
| #define HAVE_STRING_H 1
| #define HAVE_MEMORY_H 1
| #define HAVE_STRINGS_H 1
| #define HAVE_INTTYPES_H 1
| #define HAVE_STDINT_H 1
| #define HAVE_UNISTD_H 1
| #define HAVE_DLFCN_H 1
| /* end confdefs.h.  */
| 
| int
| main ()
| {
| exit (42);
|   ;
|   return 0;
| }
configure:4742: g++ -c -g -O2  conftest.cc >&5
configure:4748: $? = 0
configure:4752: test -z 
			 || test ! -s conftest.err
configure:4755: $? = 0
configure:4758: test -s conftest.o
configure:4761: $? = 0
configure:4787: g++ -c -g -O2  conftest.cc >&5
configure:4793: $? = 0
configure:4797: test -z 
			 || test ! -s conftest.err
configure:4800: $? = 0
configure:4803: test -s conftest.o
configure:4806: $? = 0
configure:4831: checking dependency style of g++
configure:4921: result: gcc3
configure:4948: checking how to run the C++ preprocessor
configure:4979: g++ -E  conftest.cc
configure:4985: $? = 0
configure:5017: g++ -E  conftest.cc
conftest.cc:25:28: ac_nonexistent.h: No such file or directory
configure:5023: $? = 1
configure: failed program was:
| /* confdefs.h.  */
| 
| #define PACKAGE_NAME "FULL-PACKAGE-NAME"
| #define PACKAGE_TARNAME "full-package-name"
| #define PACKAGE_VERSION "VERSION"
| #define PACKAGE_STRING "FULL-PACKAGE-NAME VERSION"
| #define PACKAGE_BUGREPORT "BUG-REPORT-ADDRESS"
| #define PACKAGE "libspeakup"
| #define VERSION "0.1"
| #define STDC_HEADERS 1
| #define HAVE_SYS_TYPES_H 1
| #define HAVE_SYS_STAT_H 1
| #define HAVE_STDLIB_H 1
| #define HAVE_STRING_H 1
| #define HAVE_MEMORY_H 1
| #define HAVE_STRINGS_H 1
| #define HAVE_INTTYPES_H 1
| #define HAVE_STDINT_H 1
| #define HAVE_UNISTD_H 1
| #define HAVE_DLFCN_H 1
| #ifdef __cplusplus
| extern "C" void std::exit (int) throw (); using std::exit;
| #endif
| /* end confdefs.h.  */
| #include <ac_nonexistent.h>
configure:5062: result: g++ -E
configure:5086: g++ -E  conftest.cc
configure:5092: $? = 0
configure:5124: g++ -E  conftest.cc
conftest.cc:25:28: ac_nonexistent.h: No such file or directory
configure:5130: $? = 1
configure: failed program was:
| /* confdefs.h.  */
| 
| #define PACKAGE_NAME "FULL-PACKAGE-NAME"
| #define PACKAGE_TARNAME "full-package-name"
| #define PACKAGE_VERSION "VERSION"
| #define PACKAGE_STRING "FULL-PACKAGE-NAME VERSION"
| #define PACKAGE_BUGREPORT "BUG-REPORT-ADDRESS"
| #define PACKAGE "libspeakup"
| #define VERSION "0.1"
| #define STDC_HEADERS 1
| #define HAVE_SYS_TYPES_H 1
| #define HAVE_SYS_STAT_H 1
| #define HAVE_STDLIB_H 1
| #define HAVE_STRING_H 1
| #define HAVE_MEMORY_H 1
| #define HAVE_STRINGS_H 1
| #define HAVE_INTTYPES_H 1
| #define HAVE_STDINT_H 1
| #define HAVE_UNISTD_H 1
| #define HAVE_DLFCN_H 1
| #ifdef __cplusplus
| extern "C" void std::exit (int) throw (); using std::exit;
| #endif
| /* end confdefs.h.  */
| #include <ac_nonexistent.h>
configure:5227: checking for g77
configure:5256: result: no
configure:5227: checking for f77
configure:5256: result: no
configure:5227: checking for xlf
configure:5256: result: no
configure:5227: checking for frt
configure:5256: result: no
configure:5227: checking for pgf77
configure:5256: result: no
configure:5227: checking for fort77
configure:5256: result: no
configure:5227: checking for fl32
configure:5256: result: no
configure:5227: checking for af77
configure:5256: result: no
configure:5227: checking for f90
configure:5256: result: no
configure:5227: checking for xlf90
configure:5256: result: no
configure:5227: checking for pgf90
configure:5256: result: no
configure:5227: checking for epcf90
configure:5256: result: no
configure:5227: checking for f95
configure:5256: result: no
configure:5227: checking for fort
configure:5256: result: no
configure:5227: checking for xlf95
configure:5256: result: no
configure:5227: checking for ifc
configure:5256: result: no
configure:5227: checking for efc
configure:5256: result: no
configure:5227: checking for pgf95
configure:5256: result: no
configure:5227: checking for lf95
configure:5256: result: no
configure:5227: checking for gfortran
configure:5256: result: no
configure:5271: checking for Fortran 77 compiler version
configure:5271:  --version </dev/null >&5
./configure: line 1: --version: command not found
configure:5274: $? = 127
configure:5276:  -v </dev/null >&5
./configure: line 1: -v: command not found
configure:5279: $? = 127
configure:5281:  -V </dev/null >&5
./configure: line 1: -V: command not found
configure:5284: $? = 127
configure:5292: checking whether we are using the GNU Fortran 77 compiler
configure:5306:  -c  conftest.F >&5
./configure: line 1: -c: command not found
configure:5312: $? = 127
configure: failed program was:
|       program main
| #ifndef __GNUC__
|        choke me
| #endif
| 
|       end
configure:5338: result: no
configure:5344: checking whether  accepts -g
configure:5356:  -c -g conftest.f >&5
./configure: line 1: -c: command not found
configure:5362: $? = 127
configure: failed program was:
|       program main
| 
|       end
configure:5387: result: no
configure:5417: checking the maximum length of command line arguments
configure:5509: result: 32768
configure:5520: checking command to parse /usr/bin/nm -B output from gcc object
configure:5616: gcc -c -g -O2  conftest.c >&5
configure:5619: $? = 0
configure:5623: /usr/bin/nm -B conftest.o \| sed -n -e 's/^.*[ 	]\([ABCDGIRSTW][ABCDGIRSTW]*\)[ 	][ 	]*\([_A-Za-z][_A-Za-z0-9]*\)$/\1 \2 \2/p' \> conftest.nm
configure:5626: $? = 0
configure:5678: gcc -o conftest -g -O2   conftest.c conftstm.o >&5
configure:5681: $? = 0
configure:5719: result: ok
configure:5723: checking for objdir
configure:5738: result: .libs
configure:5828: checking for ar
configure:5844: found /usr/bin/ar
configure:5855: result: ar
configure:5908: checking for ranlib
configure:5924: found /usr/bin/ranlib
configure:5935: result: ranlib
configure:5988: checking for strip
configure:6004: found /usr/bin/strip
configure:6015: result: strip
configure:6302: checking if gcc static flag  works
configure:6330: result: yes
configure:6348: checking if gcc supports -fno-rtti -fno-exceptions
configure:6369: gcc -c -g -O2  -fno-rtti -fno-exceptions conftest.c >&5
cc1: warning: "-fno-rtti" is valid for C++ but not for C/ObjC
configure:6373: $? = 0
configure:6383: result: no
configure:6398: checking for gcc option to produce PIC
configure:6602: result: -fPIC
configure:6610: checking if gcc PIC flag -fPIC works
configure:6631: gcc -c -g -O2  -fPIC -DPIC conftest.c >&5
configure:6635: $? = 0
configure:6645: result: yes
configure:6669: checking if gcc supports -c -o file.o
configure:6693: gcc -c -g -O2  -o out/conftest2.o conftest.c >&5
configure:6697: $? = 0
configure:6716: result: yes
configure:6742: checking whether the gcc linker (/usr/bin/ld) supports shared libraries
configure:7638: result: yes
configure:7664: checking whether -lc should be explicitly linked in
configure:7669: gcc -c -g -O2  conftest.c >&5
configure:7672: $? = 0
configure:7686: gcc -shared conftest.o  -v -Wl,-soname -Wl,conftest -o conftest 2\>\&1 \| grep  -lc  \>/dev/null 2\>\&1
configure:7689: $? = 0
configure:7701: result: no
configure:7709: checking dynamic linker characteristics
configure:8255: result: GNU/Linux ld.so
configure:8259: checking how to hardcode library paths into programs
configure:8284: result: immediate
configure:8298: checking whether stripping libraries is possible
configure:8303: result: yes
configure:9133: checking if libtool supports shared libraries
configure:9135: result: yes
configure:9138: checking whether to build shared libraries
configure:9159: result: yes
configure:9162: checking whether to build static libraries
configure:9166: result: yes
configure:9258: creating libtool
configure:9836: checking for ld used by g++
configure:9903: result: /usr/bin/ld
configure:9912: checking if the linker (/usr/bin/ld) is GNU ld
configure:9927: result: yes
configure:9978: checking whether the g++ linker (/usr/bin/ld) supports shared libraries
configure:10865: result: yes
configure:10883: g++ -c -g -O2  conftest.cc >&5
configure:10886: $? = 0
configure:10982: checking for g++ option to produce PIC
configure:11250: result: -fPIC
configure:11258: checking if g++ PIC flag -fPIC works
configure:11279: g++ -c -g -O2  -fPIC -DPIC conftest.cc >&5
configure:11283: $? = 0
configure:11293: result: yes
configure:11317: checking if g++ supports -c -o file.o
configure:11341: g++ -c -g -O2  -o out/conftest2.o conftest.cc >&5
configure:11345: $? = 0
configure:11364: result: yes
configure:11390: checking whether the g++ linker (/usr/bin/ld) supports shared libraries
configure:11415: result: yes
configure:11486: checking dynamic linker characteristics
configure:12032: result: GNU/Linux ld.so
configure:12036: checking how to hardcode library paths into programs
configure:12061: result: immediate
configure:12075: checking whether stripping libraries is possible
configure:12080: result: yes
configure:19599: checking for a BSD-compatible install
configure:19654: result: /usr/bin/install -c
configure:19675: checking for dirent.h that defines DIR
configure:19699: gcc -c -g -O2  conftest.c >&5
configure:19705: $? = 0
configure:19709: test -z 
			 || test ! -s conftest.err
configure:19712: $? = 0
configure:19715: test -s conftest.o
configure:19718: $? = 0
configure:19729: result: yes
configure:19742: checking for library containing opendir
configure:19772: gcc -o conftest -g -O2   conftest.c  >&5
configure:19778: $? = 0
configure:19782: test -z 
			 || test ! -s conftest.err
configure:19785: $? = 0
configure:19788: test -s conftest
configure:19791: $? = 0
configure:19861: result: none required
configure:19997: checking for ANSI C header files
configure:20150: result: yes
configure:20163: checking for an ANSI C-conforming const
configure:20230: gcc -c -g -O2  conftest.c >&5
configure:20236: $? = 0
configure:20240: test -z 
			 || test ! -s conftest.err
configure:20243: $? = 0
configure:20246: test -s conftest.o
configure:20249: $? = 0
configure:20260: result: yes
configure:20270: checking for inline
configure:20291: gcc -c -g -O2  conftest.c >&5
configure:20297: $? = 0
configure:20301: test -z 
			 || test ! -s conftest.err
configure:20304: $? = 0
configure:20307: test -s conftest.o
configure:20310: $? = 0
configure:20322: result: inline
configure:20341: checking for size_t
configure:20365: gcc -c -g -O2  conftest.c >&5
configure:20371: $? = 0
configure:20375: test -z 
			 || test ! -s conftest.err
configure:20378: $? = 0
configure:20381: test -s conftest.o
configure:20384: $? = 0
configure:20395: result: yes
configure:20407: checking whether time.h and sys/time.h may both be included
configure:20432: gcc -c -g -O2  conftest.c >&5
configure:20438: $? = 0
configure:20442: test -z 
			 || test ! -s conftest.err
configure:20445: $? = 0
configure:20448: test -s conftest.o
configure:20451: $? = 0
configure:20462: result: yes
configure:20472: checking whether struct tm is in sys/time.h or time.h
configure:20495: gcc -c -g -O2  conftest.c >&5
configure:20501: $? = 0
configure:20505: test -z 
			 || test ! -s conftest.err
configure:20508: $? = 0
configure:20511: test -s conftest.o
configure:20514: $? = 0
configure:20525: result: time.h
configure:20538: checking whether gcc needs -traditional
configure:20580: result: no
configure:20592: checking for stdlib.h
configure:20597: result: yes
configure:20737: checking for GNU libc compatible malloc
configure:20766: gcc -o conftest -g -O2   conftest.c  >&5
configure:20769: $? = 0
configure:20771: ./conftest
configure:20774: $? = 0
configure:20788: result: yes
configure:20818: checking return type of signal handlers
configure:20849: gcc -c -g -O2  conftest.c >&5
configure:20855: $? = 0
configure:20859: test -z 
			 || test ! -s conftest.err
configure:20862: $? = 0
configure:20865: test -s conftest.o
configure:20868: $? = 0
configure:20879: result: void
configure:20891: checking for strftime
configure:20948: gcc -o conftest -g -O2   conftest.c  >&5
configure:20954: $? = 0
configure:20958: test -z 
			 || test ! -s conftest.err
configure:20961: $? = 0
configure:20964: test -s conftest
configure:20967: $? = 0
configure:20979: result: yes
configure:21215: creating ./config.status

## ---------------- ##
## Cache variables. ##
## ---------------- ##

ac_cv_build=i686-pc-linux-gnu
ac_cv_build_alias=i686-pc-linux-gnu
ac_cv_c_compiler_gnu=yes
ac_cv_c_const=yes
ac_cv_c_inline=inline
ac_cv_cxx_compiler_gnu=yes
ac_cv_env_CC_set=
ac_cv_env_CC_value=
ac_cv_env_CFLAGS_set=
ac_cv_env_CFLAGS_value=
ac_cv_env_CPPFLAGS_set=
ac_cv_env_CPPFLAGS_value=
ac_cv_env_CPP_set=
ac_cv_env_CPP_value=
ac_cv_env_CXXCPP_set=
ac_cv_env_CXXCPP_value=
ac_cv_env_CXXFLAGS_set=
ac_cv_env_CXXFLAGS_value=
ac_cv_env_CXX_set=
ac_cv_env_CXX_value=
ac_cv_env_F77_set=
ac_cv_env_F77_value=
ac_cv_env_FFLAGS_set=
ac_cv_env_FFLAGS_value=
ac_cv_env_LDFLAGS_set=
ac_cv_env_LDFLAGS_value=
ac_cv_env_build_alias_set=
ac_cv_env_build_alias_value=
ac_cv_env_host_alias_set=
ac_cv_env_host_alias_value=
ac_cv_env_target_alias_set=
ac_cv_env_target_alias_value=
ac_cv_exeext=
ac_cv_f77_compiler_gnu=no
ac_cv_func_malloc_0_nonnull=yes
ac_cv_func_strftime=yes
ac_cv_header_dirent_dirent_h=yes
ac_cv_header_dlfcn_h=yes
ac_cv_header_inttypes_h=yes
ac_cv_header_memory_h=yes
ac_cv_header_stdc=yes
ac_cv_header_stdint_h=yes
ac_cv_header_stdlib_h=yes
ac_cv_header_string_h=yes
ac_cv_header_strings_h=yes
ac_cv_header_sys_stat_h=yes
ac_cv_header_sys_types_h=yes
ac_cv_header_time=yes
ac_cv_header_unistd_h=yes
ac_cv_host=i686-pc-linux-gnu
ac_cv_host_alias=i686-pc-linux-gnu
ac_cv_objext=o
ac_cv_path_install='/usr/bin/install -c'
ac_cv_prog_AWK=gawk
ac_cv_prog_CPP='gcc -E'
ac_cv_prog_CXXCPP='g++ -E'
ac_cv_prog_ac_ct_AR=ar
ac_cv_prog_ac_ct_CC=gcc
ac_cv_prog_ac_ct_CXX=g++
ac_cv_prog_ac_ct_RANLIB=ranlib
ac_cv_prog_ac_ct_STRIP=strip
ac_cv_prog_cc_g=yes
ac_cv_prog_cc_stdc=
ac_cv_prog_cxx_g=yes
ac_cv_prog_egrep='grep -E'
ac_cv_prog_f77_g=no
ac_cv_prog_gcc_traditional=no
ac_cv_prog_make_make_set=yes
ac_cv_search_opendir='none required'
ac_cv_struct_tm=time.h
ac_cv_type_signal=void
ac_cv_type_size_t=yes
am_cv_CC_dependencies_compiler_type=gcc3
am_cv_CXX_dependencies_compiler_type=gcc3
lt_cv_deplibs_check_method=pass_all
lt_cv_file_magic_cmd='$MAGIC_CMD'
lt_cv_file_magic_test_file=
lt_cv_ld_reload_flag=-r
lt_cv_objdir=.libs
lt_cv_path_LD=/usr/bin/ld
lt_cv_path_LDCXX=/usr/bin/ld
lt_cv_path_NM='/usr/bin/nm -B'
lt_cv_path_SED=/bin/sed
lt_cv_prog_compiler_c_o=yes
lt_cv_prog_compiler_c_o_CXX=yes
lt_cv_prog_compiler_rtti_exceptions=no
lt_cv_prog_gnu_ld=yes
lt_cv_prog_gnu_ldcxx=yes
lt_cv_sys_global_symbol_pipe='sed -n -e '\''s/^.*[ 	]\([ABCDGIRSTW][ABCDGIRSTW]*\)[ 	][ 	]*\([_A-Za-z][_A-Za-z0-9]*\)$/\1 \2 \2/p'\'''
lt_cv_sys_global_symbol_to_c_name_address='sed -n -e '\''s/^: \([^ ]*\) $/  {\"\1\", (lt_ptr) 0},/p'\'' -e '\''s/^[BCDEGRST] \([^ ]*\) \([^ ]*\)$/  {"\2", (lt_ptr) \&\2},/p'\'''
lt_cv_sys_global_symbol_to_cdecl='sed -n -e '\''s/^. .* \(.*\)$/extern int \1;/p'\'''
lt_cv_sys_max_cmd_len=32768
lt_lt_cv_prog_compiler_c_o='"yes"'
lt_lt_cv_prog_compiler_c_o_CXX='"yes"'
lt_lt_cv_sys_global_symbol_pipe='"sed -n -e '\''s/^.*[ 	]\\([ABCDGIRSTW][ABCDGIRSTW]*\\)[ 	][ 	]*\\([_A-Za-z][_A-Za-z0-9]*\\)\$/\\1 \\2 \\2/p'\''"'
lt_lt_cv_sys_global_symbol_to_c_name_address='"sed -n -e '\''s/^: \\([^ ]*\\) \$/  {\\\"\\1\\\", (lt_ptr) 0},/p'\'' -e '\''s/^[BCDEGRST] \\([^ ]*\\) \\([^ ]*\\)\$/  {\"\\2\", (lt_ptr) \\&\\2},/p'\''"'
lt_lt_cv_sys_global_symbol_to_cdecl='"sed -n -e '\''s/^. .* \\(.*\\)\$/extern int \\1;/p'\''"'

## ----------------- ##
## Output variables. ##
## ----------------- ##

ACLOCAL='${SHELL} /usr/src/freeswitch.trunk/libs/libspeakup/missing --run aclocal-1.9'
AMDEPBACKSLASH='\'
AMDEP_FALSE='#'
AMDEP_TRUE=''
AMTAR='${SHELL} /usr/src/freeswitch.trunk/libs/libspeakup/missing --run tar'
AR='ar'
AUTOCONF='${SHELL} /usr/src/freeswitch.trunk/libs/libspeakup/missing --run autoconf'
AUTOHEADER='${SHELL} /usr/src/freeswitch.trunk/libs/libspeakup/missing --run autoheader'
AUTOMAKE='${SHELL} /usr/src/freeswitch.trunk/libs/libspeakup/missing --run automake-1.9'
AWK='gawk'
CC='gcc'
CCDEPMODE='depmode=gcc3'
CFLAGS='-g -O2'
CPP='gcc -E'
CPPFLAGS=''
CXX='g++'
CXXCPP='g++ -E'
CXXDEPMODE='depmode=gcc3'
CXXFLAGS='-g -O2'
CYGPATH_W='echo'
DEFS='-DPACKAGE_NAME=\"FULL-PACKAGE-NAME\" -DPACKAGE_TARNAME=\"full-package-name\" -DPACKAGE_VERSION=\"VERSION\" -DPACKAGE_STRING=\"FULL-PACKAGE-NAME\ VERSION\" -DPACKAGE_BUGREPORT=\"BUG-REPORT-ADDRESS\" -DPACKAGE=\"libspeakup\" -DVERSION=\"0.1\" -DSTDC_HEADERS=1 -DHAVE_SYS_TYPES_H=1 -DHAVE_SYS_STAT_H=1 -DHAVE_STDLIB_H=1 -DHAVE_STRING_H=1 -DHAVE_MEMORY_H=1 -DHAVE_STRINGS_H=1 -DHAVE_INTTYPES_H=1 -DHAVE_STDINT_H=1 -DHAVE_UNISTD_H=1 -DHAVE_DLFCN_H=1 -DHAVE_DIRENT_H=1 -DSTDC_HEADERS=1 -DTIME_WITH_SYS_TIME=1 -DHAVE_STDLIB_H=1 -DHAVE_MALLOC=1 -DRETSIGTYPE=void -DHAVE_STRFTIME=1 '
DEPDIR='.deps'
ECHO='echo'
ECHO_C=''
ECHO_N='-n'
ECHO_T=''
EGREP='grep -E'
EXEEXT=''
F77=''
FFLAGS=''
INSTALL_DATA='${INSTALL} -m 644'
INSTALL_PROGRAM='${INSTALL}'
INSTALL_SCRIPT='${INSTALL}'
INSTALL_STRIP_PROGRAM='${SHELL} $(install_sh) -c -s'
LDFLAGS=''
LIBOBJS=''
LIBS=''
LIBTOOL='$(SHELL) $(top_builddir)/libtool'
LN_S='ln -s'
LTLIBOBJS=''
MAKEINFO='${SHELL} /usr/src/freeswitch.trunk/libs/libspeakup/missing --run makeinfo'
OBJEXT='o'
PACKAGE='libspeakup'
PACKAGE_BUGREPORT='BUG-REPORT-ADDRESS'
PACKAGE_NAME='FULL-PACKAGE-NAME'
PACKAGE_STRING='FULL-PACKAGE-NAME VERSION'
PACKAGE_TARNAME='full-package-name'
PACKAGE_VERSION='VERSION'
PATH_SEPARATOR=':'
RANLIB='ranlib'
SET_MAKE=''
SHELL='/bin/sh'
STRIP='strip'
VERSION='0.1'
ac_ct_AR='ar'
ac_ct_CC='gcc'
ac_ct_CXX='g++'
ac_ct_F77=''
ac_ct_RANLIB='ranlib'
ac_ct_STRIP='strip'
am__fastdepCC_FALSE='#'
am__fastdepCC_TRUE=''
am__fastdepCXX_FALSE='#'
am__fastdepCXX_TRUE=''
am__include='include'
am__leading_dot='.'
am__quote=''
am__tar='${AMTAR} chof - "$$tardir"'
am__untar='${AMTAR} xf -'
bindir='${exec_prefix}/bin'
build='i686-pc-linux-gnu'
build_alias=''
build_cpu='i686'
build_os='linux-gnu'
build_vendor='pc'
datadir='${prefix}/share'
exec_prefix='${prefix}'
host='i686-pc-linux-gnu'
host_alias=''
host_cpu='i686'
host_os='linux-gnu'
host_vendor='pc'
includedir='${prefix}/include'
infodir='${prefix}/info'
install_sh='/usr/src/freeswitch.trunk/libs/libspeakup/install-sh'
libdir='${exec_prefix}/lib'
libexecdir='${exec_prefix}/libexec'
localstatedir='${prefix}/var'
mandir='${prefix}/man'
mkdir_p='mkdir -p --'
oldincludedir='/usr/include'
prefix='/usr/local/freeswitch'
program_transform_name='s,x,x,'
sbindir='${exec_prefix}/sbin'
sharedstatedir='${prefix}/com'
sysconfdir='${prefix}/etc'
target_alias=''

## ----------- ##
## confdefs.h. ##
## ----------- ##

#define HAVE_DIRENT_H 1
#define HAVE_DLFCN_H 1
#define HAVE_INTTYPES_H 1
#define HAVE_MALLOC 1
#define HAVE_MEMORY_H 1
#define HAVE_STDINT_H 1
#define HAVE_STDLIB_H 1
#define HAVE_STDLIB_H 1
#define HAVE_STRFTIME 1
#define HAVE_STRINGS_H 1
#define HAVE_STRING_H 1
#define HAVE_SYS_STAT_H 1
#define HAVE_SYS_TYPES_H 1
#define HAVE_UNISTD_H 1
#define PACKAGE "libspeakup"
#define PACKAGE_BUGREPORT "BUG-REPORT-ADDRESS"
#define PACKAGE_NAME "FULL-PACKAGE-NAME"
#define PACKAGE_STRING "FULL-PACKAGE-NAME VERSION"
#define PACKAGE_TARNAME "full-package-name"
#define PACKAGE_VERSION "VERSION"
#define RETSIGTYPE void
#define STDC_HEADERS 1
#define STDC_HEADERS 1
#define TIME_WITH_SYS_TIME 1
#define VERSION "0.1"
#endif
#ifdef __cplusplus
extern "C" void std::exit (int) throw (); using std::exit;

configure: exit 0

## ---------------------- ##
## Running config.status. ##
## ---------------------- ##

This file was extended by FULL-PACKAGE-NAME config.status VERSION, which was
generated by GNU Autoconf 2.59.  Invocation command line was

  CONFIG_FILES    = 
  CONFIG_HEADERS  = 
  CONFIG_LINKS    = 
  CONFIG_COMMANDS = 
  $ ./config.status 

on agentbox3

config.status:706: creating Makefile
config.status:889: executing depfiles commands
