This file contains any messages produced by compilers while
running configure, to aid debugging if configure makes a mistake.

It was created by configure, which was
generated by GNU Autoconf 2.59.  Invocation command line was

  $ ./configure --enable-newjb

## --------- ##
## Platform. ##
## --------- ##

hostname = agentbox3
uname -m = i686
uname -r = 2.6.9-r1
uname -s = Linux
uname -v = #1 Thu Dec 23 12:13:28 UTC 2004

/usr/bin/uname -p = unknown
/bin/uname -X     = unknown

/bin/arch              = i686
/usr/bin/arch -k       = unknown
/usr/convex/getsysinfo = unknown
hostinfo               = unknown
/bin/machine           = unknown
/usr/bin/oslevel       = unknown
/bin/universe          = unknown

PATH: /sbin
PATH: /usr/sbin
PATH: /bin
PATH: /usr/bin
PATH: /usr/X11R6/bin
PATH: /opt/bin
PATH: /usr/local/bin
PATH: /usr/local/sbin


## ----------- ##
## Core tests. ##
## ----------- ##

configure:1539: checking for a BSD-compatible install
configure:1594: result: /usr/bin/install -c
configure:1605: checking whether build environment is sane
configure:1648: result: yes
configure:1713: checking for gawk
configure:1729: found /usr/bin/gawk
configure:1739: result: gawk
configure:1749: checking whether make sets $(MAKE)
configure:1769: result: yes
configure:1985: checking for gcc
configure:2001: found /usr/bin/gcc
configure:2011: result: gcc
configure:2255: checking for C compiler version
configure:2258: gcc --version </dev/null >&5
gcc (GCC) 3.3.4 (AsterLinux)
Copyright (C) 2003 Free Software Foundation, Inc.
This is free software; see the source for copying conditions.  There is NO
warranty; not even for MERCHANTABILITY or FITNESS FOR A PARTICULAR PURPOSE.

configure:2261: $? = 0
configure:2263: gcc -v </dev/null >&5
Reading specs from /usr/lib/gcc-lib/i686-pc-linux-gnu/3.3.4/specs
Configured with: ../gcc-3.3.4/configure --prefix=/usr --enable-languages=c,c++,objc --enable-threads=posix --enable-__cxa_atexit --enable-clocale=gnu --enable-shared --disable-nls
Thread model: posix
gcc version 3.3.4 (AsterLinux)
configure:2266: $? = 0
configure:2268: gcc -V </dev/null >&5
gcc: `-V' option must have argument
configure:2271: $? = 1
configure:2294: checking for C compiler default output file name
configure:2297: gcc    conftest.c  >&5
configure:2300: $? = 0
configure:2346: result: a.out
configure:2351: checking whether the C compiler works
configure:2357: ./a.out
configure:2360: $? = 0
configure:2377: result: yes
configure:2384: checking whether we are cross compiling
configure:2386: result: no
configure:2389: checking for suffix of executables
configure:2391: gcc -o conftest    conftest.c  >&5
configure:2394: $? = 0
configure:2419: result: 
configure:2425: checking for suffix of object files
configure:2446: gcc -c   conftest.c >&5
configure:2449: $? = 0
configure:2471: result: o
configure:2475: checking whether we are using the GNU C compiler
configure:2499: gcc -c   conftest.c >&5
configure:2505: $? = 0
configure:2509: test -z 
			 || test ! -s conftest.err
configure:2512: $? = 0
configure:2515: test -s conftest.o
configure:2518: $? = 0
configure:2531: result: yes
configure:2537: checking whether gcc accepts -g
configure:2558: gcc -c -g  conftest.c >&5
configure:2564: $? = 0
configure:2568: test -z 
			 || test ! -s conftest.err
configure:2571: $? = 0
configure:2574: test -s conftest.o
configure:2577: $? = 0
configure:2588: result: yes
configure:2605: checking for gcc option to accept ANSI C
configure:2675: gcc  -c -g -O2  conftest.c >&5
configure:2681: $? = 0
configure:2685: test -z 
			 || test ! -s conftest.err
configure:2688: $? = 0
configure:2691: test -s conftest.o
configure:2694: $? = 0
configure:2712: result: none needed
configure:2730: gcc -c -g -O2  conftest.c >&5
conftest.c:2: error: parse error before "me"
configure:2736: $? = 1
configure: failed program was:
| #ifndef __cplusplus
|   choke me
| #endif
configure:2880: checking for style of include used by make
configure:2908: result: GNU
configure:2936: checking dependency style of gcc
configure:3026: result: gcc3
configure:3121: checking build system type
configure:3139: result: i686-pc-linux-gnu
configure:3147: checking host system type
configure:3161: result: i686-pc-linux-gnu
configure:3169: checking for a sed that does not truncate output
configure:3223: result: /bin/sed
configure:3226: checking for egrep
configure:3236: result: grep -E
configure:3252: checking for ld used by gcc
configure:3319: result: /usr/bin/ld
configure:3328: checking if the linker (/usr/bin/ld) is GNU ld
configure:3343: result: yes
configure:3348: checking for /usr/bin/ld option to reload object files
configure:3355: result: -r
configure:3373: checking for BSD-compatible nm
configure:3415: result: /usr/bin/nm -B
configure:3419: checking whether ln -s works
configure:3423: result: yes
configure:3430: checking how to recognise dependent libraries
configure:3602: result: pass_all
configure:3816: checking how to run the C preprocessor
configure:3851: gcc -E  conftest.c
configure:3857: $? = 0
configure:3889: gcc -E  conftest.c
conftest.c:11:28: ac_nonexistent.h: No such file or directory
configure:3895: $? = 1
configure: failed program was:
| /* confdefs.h.  */
| 
| #define PACKAGE_NAME ""
| #define PACKAGE_TARNAME ""
| #define PACKAGE_VERSION ""
| #define PACKAGE_STRING ""
| #define PACKAGE_BUGREPORT ""
| #define PACKAGE "iax"
| #define VERSION "0.2.3"
| /* end confdefs.h.  */
| #include <ac_nonexistent.h>
configure:3934: result: gcc -E
configure:3958: gcc -E  conftest.c
configure:3964: $? = 0
configure:3996: gcc -E  conftest.c
conftest.c:11:28: ac_nonexistent.h: No such file or directory
configure:4002: $? = 1
configure: failed program was:
| /* confdefs.h.  */
| 
| #define PACKAGE_NAME ""
| #define PACKAGE_TARNAME ""
| #define PACKAGE_VERSION ""
| #define PACKAGE_STRING ""
| #define PACKAGE_BUGREPORT ""
| #define PACKAGE "iax"
| #define VERSION "0.2.3"
| /* end confdefs.h.  */
| #include <ac_nonexistent.h>
configure:4046: checking for ANSI C header files
configure:4071: gcc -c -g -O2  conftest.c >&5
configure:4077: $? = 0
configure:4081: test -z 
			 || test ! -s conftest.err
configure:4084: $? = 0
configure:4087: test -s conftest.o
configure:4090: $? = 0
configure:4176: gcc -o conftest -g -O2   conftest.c  >&5
configure:4179: $? = 0
configure:4181: ./conftest
configure:4184: $? = 0
configure:4199: result: yes
configure:4223: checking for sys/types.h
configure:4239: gcc -c -g -O2  conftest.c >&5
configure:4245: $? = 0
configure:4249: test -z 
			 || test ! -s conftest.err
configure:4252: $? = 0
configure:4255: test -s conftest.o
configure:4258: $? = 0
configure:4269: result: yes
configure:4223: checking for sys/stat.h
configure:4239: gcc -c -g -O2  conftest.c >&5
configure:4245: $? = 0
configure:4249: test -z 
			 || test ! -s conftest.err
configure:4252: $? = 0
configure:4255: test -s conftest.o
configure:4258: $? = 0
configure:4269: result: yes
configure:4223: checking for stdlib.h
configure:4239: gcc -c -g -O2  conftest.c >&5
configure:4245: $? = 0
configure:4249: test -z 
			 || test ! -s conftest.err
configure:4252: $? = 0
configure:4255: test -s conftest.o
configure:4258: $? = 0
configure:4269: result: yes
configure:4223: checking for string.h
configure:4239: gcc -c -g -O2  conftest.c >&5
configure:4245: $? = 0
configure:4249: test -z 
			 || test ! -s conftest.err
configure:4252: $? = 0
configure:4255: test -s conftest.o
configure:4258: $? = 0
configure:4269: result: yes
configure:4223: checking for memory.h
configure:4239: gcc -c -g -O2  conftest.c >&5
configure:4245: $? = 0
configure:4249: test -z 
			 || test ! -s conftest.err
configure:4252: $? = 0
configure:4255: test -s conftest.o
configure:4258: $? = 0
configure:4269: result: yes
configure:4223: checking for strings.h
configure:4239: gcc -c -g -O2  conftest.c >&5
configure:4245: $? = 0
configure:4249: test -z 
			 || test ! -s conftest.err
configure:4252: $? = 0
configure:4255: test -s conftest.o
configure:4258: $? = 0
configure:4269: result: yes
configure:4223: checking for inttypes.h
configure:4239: gcc -c -g -O2  conftest.c >&5
configure:4245: $? = 0
configure:4249: test -z 
			 || test ! -s conftest.err
configure:4252: $? = 0
configure:4255: test -s conftest.o
configure:4258: $? = 0
configure:4269: result: yes
configure:4223: checking for stdint.h
configure:4239: gcc -c -g -O2  conftest.c >&5
configure:4245: $? = 0
configure:4249: test -z 
			 || test ! -s conftest.err
configure:4252: $? = 0
configure:4255: test -s conftest.o
configure:4258: $? = 0
configure:4269: result: yes
configure:4223: checking for unistd.h
configure:4239: gcc -c -g -O2  conftest.c >&5
configure:4245: $? = 0
configure:4249: test -z 
			 || test ! -s conftest.err
configure:4252: $? = 0
configure:4255: test -s conftest.o
configure:4258: $? = 0
configure:4269: result: yes
configure:4295: checking dlfcn.h usability
configure:4307: gcc -c -g -O2  conftest.c >&5
configure:4313: $? = 0
configure:4317: test -z 
			 || test ! -s conftest.err
configure:4320: $? = 0
configure:4323: test -s conftest.o
configure:4326: $? = 0
configure:4336: result: yes
configure:4340: checking dlfcn.h presence
configure:4350: gcc -E  conftest.c
configure:4356: $? = 0
configure:4376: result: yes
configure:4411: checking for dlfcn.h
configure:4418: result: yes
configure:4483: checking for g++
configure:4499: found /usr/bin/g++
configure:4509: result: g++
configure:4525: checking for C++ compiler version
configure:4528: g++ --version </dev/null >&5
g++ (GCC) 3.3.4 (AsterLinux)
Copyright (C) 2003 Free Software Foundation, Inc.
This is free software; see the source for copying conditions.  There is NO
warranty; not even for MERCHANTABILITY or FITNESS FOR A PARTICULAR PURPOSE.

configure:4531: $? = 0
configure:4533: g++ -v </dev/null >&5
Reading specs from /usr/lib/gcc-lib/i686-pc-linux-gnu/3.3.4/specs
Configured with: ../gcc-3.3.4/configure --prefix=/usr --enable-languages=c,c++,objc --enable-threads=posix --enable-__cxa_atexit --enable-clocale=gnu --enable-shared --disable-nls
Thread model: posix
gcc version 3.3.4 (AsterLinux)
configure:4536: $? = 0
configure:4538: g++ -V </dev/null >&5
g++: `-V' option must have argument
configure:4541: $? = 1
configure:4544: checking whether we are using the GNU C++ compiler
configure:4568: g++ -c   conftest.cc >&5
configure:4574: $? = 0
configure:4578: test -z 
			 || test ! -s conftest.err
configure:4581: $? = 0
configure:4584: test -s conftest.o
configure:4587: $? = 0
configure:4600: result: yes
configure:4606: checking whether g++ accepts -g
configure:4627: g++ -c -g  conftest.cc >&5
configure:4633: $? = 0
configure:4637: test -z 
			 || test ! -s conftest.err
configure:4640: $? = 0
configure:4643: test -s conftest.o
configure:4646: $? = 0
configure:4657: result: yes
configure:4699: g++ -c -g -O2  conftest.cc >&5
configure:4705: $? = 0
configure:4709: test -z 
			 || test ! -s conftest.err
configure:4712: $? = 0
configure:4715: test -s conftest.o
configure:4718: $? = 0
configure:4744: g++ -c -g -O2  conftest.cc >&5
conftest.cc: In function `int main()':
conftest.cc:26: error: `exit' undeclared (first use this function)
conftest.cc:26: error: (Each undeclared identifier is reported only once for 
   each function it appears in.)
configure:4750: $? = 1
configure: failed program was:
| /* confdefs.h.  */
| 
| #define PACKAGE_NAME ""
| #define PACKAGE_TARNAME ""
| #define PACKAGE_VERSION ""
| #define PACKAGE_STRING ""
| #define PACKAGE_BUGREPORT ""
| #define PACKAGE "iax"
| #define VERSION "0.2.3"
| #define STDC_HEADERS 1
| #define HAVE_SYS_TYPES_H 1
| #define HAVE_SYS_STAT_H 1
| #define HAVE_STDLIB_H 1
| #define HAVE_STRING_H 1
| #define HAVE_MEMORY_H 1
| #define HAVE_STRINGS_H 1
| #define HAVE_INTTYPES_H 1
| #define HAVE_STDINT_H 1
| #define HAVE_UNISTD_H 1
| #define HAVE_DLFCN_H 1
| /* end confdefs.h.  */
| 
| int
| main ()
| {
| exit (42);
|   ;
|   return 0;
| }
configure:4699: g++ -c -g -O2  conftest.cc >&5
configure:4705: $? = 0
configure:4709: test -z 
			 || test ! -s conftest.err
configure:4712: $? = 0
configure:4715: test -s conftest.o
configure:4718: $? = 0
configure:4744: g++ -c -g -O2  conftest.cc >&5
configure:4750: $? = 0
configure:4754: test -z 
			 || test ! -s conftest.err
configure:4757: $? = 0
configure:4760: test -s conftest.o
configure:4763: $? = 0
configure:4788: checking dependency style of g++
configure:4878: result: gcc3
configure:4905: checking how to run the C++ preprocessor
configure:4936: g++ -E  conftest.cc
configure:4942: $? = 0
configure:4974: g++ -E  conftest.cc
conftest.cc:25:28: ac_nonexistent.h: No such file or directory
configure:4980: $? = 1
configure: failed program was:
| /* confdefs.h.  */
| 
| #define PACKAGE_NAME ""
| #define PACKAGE_TARNAME ""
| #define PACKAGE_VERSION ""
| #define PACKAGE_STRING ""
| #define PACKAGE_BUGREPORT ""
| #define PACKAGE "iax"
| #define VERSION "0.2.3"
| #define STDC_HEADERS 1
| #define HAVE_SYS_TYPES_H 1
| #define HAVE_SYS_STAT_H 1
| #define HAVE_STDLIB_H 1
| #define HAVE_STRING_H 1
| #define HAVE_MEMORY_H 1
| #define HAVE_STRINGS_H 1
| #define HAVE_INTTYPES_H 1
| #define HAVE_STDINT_H 1
| #define HAVE_UNISTD_H 1
| #define HAVE_DLFCN_H 1
| #ifdef __cplusplus
| extern "C" void std::exit (int) throw (); using std::exit;
| #endif
| /* end confdefs.h.  */
| #include <ac_nonexistent.h>
configure:5019: result: g++ -E
configure:5043: g++ -E  conftest.cc
configure:5049: $? = 0
configure:5081: g++ -E  conftest.cc
conftest.cc:25:28: ac_nonexistent.h: No such file or directory
configure:5087: $? = 1
configure: failed program was:
| /* confdefs.h.  */
| 
| #define PACKAGE_NAME ""
| #define PACKAGE_TARNAME ""
| #define PACKAGE_VERSION ""
| #define PACKAGE_STRING ""
| #define PACKAGE_BUGREPORT ""
| #define PACKAGE "iax"
| #define VERSION "0.2.3"
| #define STDC_HEADERS 1
| #define HAVE_SYS_TYPES_H 1
| #define HAVE_SYS_STAT_H 1
| #define HAVE_STDLIB_H 1
| #define HAVE_STRING_H 1
| #define HAVE_MEMORY_H 1
| #define HAVE_STRINGS_H 1
| #define HAVE_INTTYPES_H 1
| #define HAVE_STDINT_H 1
| #define HAVE_UNISTD_H 1
| #define HAVE_DLFCN_H 1
| #ifdef __cplusplus
| extern "C" void std::exit (int) throw (); using std::exit;
| #endif
| /* end confdefs.h.  */
| #include <ac_nonexistent.h>
configure:5184: checking for g77
configure:5213: result: no
configure:5184: checking for f77
configure:5213: result: no
configure:5184: checking for xlf
configure:5213: result: no
configure:5184: checking for frt
configure:5213: result: no
configure:5184: checking for pgf77
configure:5213: result: no
configure:5184: checking for fort77
configure:5213: result: no
configure:5184: checking for fl32
configure:5213: result: no
configure:5184: checking for af77
configure:5213: result: no
configure:5184: checking for f90
configure:5213: result: no
configure:5184: checking for xlf90
configure:5213: result: no
configure:5184: checking for pgf90
configure:5213: result: no
configure:5184: checking for epcf90
configure:5213: result: no
configure:5184: checking for f95
configure:5213: result: no
configure:5184: checking for fort
configure:5213: result: no
configure:5184: checking for xlf95
configure:5213: result: no
configure:5184: checking for ifc
configure:5213: result: no
configure:5184: checking for efc
configure:5213: result: no
configure:5184: checking for pgf95
configure:5213: result: no
configure:5184: checking for lf95
configure:5213: result: no
configure:5184: checking for gfortran
configure:5213: result: no
configure:5228: checking for Fortran 77 compiler version
configure:5228:  --version </dev/null >&5
./configure: line 1: --version: command not found
configure:5231: $? = 127
configure:5233:  -v </dev/null >&5
./configure: line 1: -v: command not found
configure:5236: $? = 127
configure:5238:  -V </dev/null >&5
./configure: line 1: -V: command not found
configure:5241: $? = 127
configure:5249: checking whether we are using the GNU Fortran 77 compiler
configure:5263:  -c  conftest.F >&5
./configure: line 1: -c: command not found
configure:5269: $? = 127
configure: failed program was:
|       program main
| #ifndef __GNUC__
|        choke me
| #endif
| 
|       end
configure:5295: result: no
configure:5301: checking whether  accepts -g
configure:5313:  -c -g conftest.f >&5
./configure: line 1: -c: command not found
configure:5319: $? = 127
configure: failed program was:
|       program main
| 
|       end
configure:5344: result: no
configure:5374: checking the maximum length of command line arguments
configure:5466: result: 32768
configure:5477: checking command to parse /usr/bin/nm -B output from gcc object
configure:5573: gcc -c -g -O2  conftest.c >&5
configure:5576: $? = 0
configure:5580: /usr/bin/nm -B conftest.o \| sed -n -e 's/^.*[ 	]\([ABCDGIRSTW][ABCDGIRSTW]*\)[ 	][ 	]*\([_A-Za-z][_A-Za-z0-9]*\)$/\1 \2 \2/p' \> conftest.nm
configure:5583: $? = 0
configure:5635: gcc -o conftest -g -O2   conftest.c conftstm.o >&5
configure:5638: $? = 0
configure:5676: result: ok
configure:5680: checking for objdir
configure:5695: result: .libs
configure:5785: checking for ar
configure:5801: found /usr/bin/ar
configure:5812: result: ar
configure:5865: checking for ranlib
configure:5881: found /usr/bin/ranlib
configure:5892: result: ranlib
configure:5945: checking for strip
configure:5961: found /usr/bin/strip
configure:5972: result: strip
configure:6259: checking if gcc static flag  works
configure:6287: result: yes
configure:6305: checking if gcc supports -fno-rtti -fno-exceptions
configure:6326: gcc -c -g -O2  -fno-rtti -fno-exceptions conftest.c >&5
cc1: warning: "-fno-rtti" is valid for C++ but not for C/ObjC
configure:6330: $? = 0
configure:6340: result: no
configure:6355: checking for gcc option to produce PIC
configure:6559: result: -fPIC
configure:6567: checking if gcc PIC flag -fPIC works
configure:6588: gcc -c -g -O2  -fPIC -DPIC conftest.c >&5
configure:6592: $? = 0
configure:6602: result: yes
configure:6626: checking if gcc supports -c -o file.o
configure:6650: gcc -c -g -O2  -o out/conftest2.o conftest.c >&5
configure:6654: $? = 0
configure:6673: result: yes
configure:6699: checking whether the gcc linker (/usr/bin/ld) supports shared libraries
configure:7595: result: yes
configure:7621: checking whether -lc should be explicitly linked in
configure:7626: gcc -c -g -O2  conftest.c >&5
configure:7629: $? = 0
configure:7643: gcc -shared conftest.o  -v -Wl,-soname -Wl,conftest -o conftest 2\>\&1 \| grep  -lc  \>/dev/null 2\>\&1
configure:7646: $? = 0
configure:7658: result: no
configure:7666: checking dynamic linker characteristics
configure:8220: result: GNU/Linux ld.so
configure:8224: checking how to hardcode library paths into programs
configure:8249: result: immediate
configure:8263: checking whether stripping libraries is possible
configure:8268: result: yes
configure:9098: checking if libtool supports shared libraries
configure:9100: result: yes
configure:9103: checking whether to build shared libraries
configure:9124: result: yes
configure:9127: checking whether to build static libraries
configure:9131: result: yes
configure:9223: creating libtool
configure:9801: checking for ld used by g++
configure:9868: result: /usr/bin/ld
configure:9877: checking if the linker (/usr/bin/ld) is GNU ld
configure:9892: result: yes
configure:9943: checking whether the g++ linker (/usr/bin/ld) supports shared libraries
configure:10823: result: yes
configure:10841: g++ -c -g -O2  conftest.cpp >&5
configure:10844: $? = 0
configure:10954: checking for g++ option to produce PIC
configure:11222: result: -fPIC
configure:11230: checking if g++ PIC flag -fPIC works
configure:11251: g++ -c -g -O2  -fPIC -DPIC conftest.cpp >&5
configure:11255: $? = 0
configure:11265: result: yes
configure:11289: checking if g++ supports -c -o file.o
configure:11313: g++ -c -g -O2  -o out/conftest2.o conftest.cpp >&5
configure:11317: $? = 0
configure:11336: result: yes
configure:11362: checking whether the g++ linker (/usr/bin/ld) supports shared libraries
configure:11387: result: yes
configure:11458: checking dynamic linker characteristics
configure:12012: result: GNU/Linux ld.so
configure:12016: checking how to hardcode library paths into programs
configure:12041: result: immediate
configure:12055: checking whether stripping libraries is possible
configure:12060: result: yes
configure:19595: checking for a BSD-compatible install
configure:19650: result: /usr/bin/install -c
configure:19663: checking for ANSI C header files
configure:19816: result: yes
configure:20013: creating ./config.status

## ---------------------- ##
## Running config.status. ##
## ---------------------- ##

This file was extended by config.status, which was
generated by GNU Autoconf 2.59.  Invocation command line was

  CONFIG_FILES    = 
  CONFIG_HEADERS  = 
  CONFIG_LINKS    = 
  CONFIG_COMMANDS = 
  $ ./config.status 

on agentbox3

config.status:711: creating Makefile
config.status:711: creating src/Makefile
config.status:711: creating iax.spec
config.status:711: creating iax-config
config.status:894: executing depfiles commands
config.status:894: executing default commands

## ---------------- ##
## Cache variables. ##
## ---------------- ##

ac_cv_build=i686-pc-linux-gnu
ac_cv_build_alias=i686-pc-linux-gnu
ac_cv_c_compiler_gnu=yes
ac_cv_cxx_compiler_gnu=yes
ac_cv_env_CC_set=
ac_cv_env_CC_value=
ac_cv_env_CFLAGS_set=
ac_cv_env_CFLAGS_value=
ac_cv_env_CPPFLAGS_set=
ac_cv_env_CPPFLAGS_value=
ac_cv_env_CPP_set=
ac_cv_env_CPP_value=
ac_cv_env_CXXCPP_set=
ac_cv_env_CXXCPP_value=
ac_cv_env_CXXFLAGS_set=
ac_cv_env_CXXFLAGS_value=
ac_cv_env_CXX_set=
ac_cv_env_CXX_value=
ac_cv_env_F77_set=
ac_cv_env_F77_value=
ac_cv_env_FFLAGS_set=
ac_cv_env_FFLAGS_value=
ac_cv_env_LDFLAGS_set=
ac_cv_env_LDFLAGS_value=
ac_cv_env_build_alias_set=
ac_cv_env_build_alias_value=
ac_cv_env_host_alias_set=
ac_cv_env_host_alias_value=
ac_cv_env_target_alias_set=
ac_cv_env_target_alias_value=
ac_cv_exeext=
ac_cv_f77_compiler_gnu=no
ac_cv_header_dlfcn_h=yes
ac_cv_header_inttypes_h=yes
ac_cv_header_memory_h=yes
ac_cv_header_stdc=yes
ac_cv_header_stdint_h=yes
ac_cv_header_stdlib_h=yes
ac_cv_header_string_h=yes
ac_cv_header_strings_h=yes
ac_cv_header_sys_stat_h=yes
ac_cv_header_sys_types_h=yes
ac_cv_header_unistd_h=yes
ac_cv_host=i686-pc-linux-gnu
ac_cv_host_alias=i686-pc-linux-gnu
ac_cv_objext=o
ac_cv_path_install='/usr/bin/install -c'
ac_cv_prog_AWK=gawk
ac_cv_prog_CPP='gcc -E'
ac_cv_prog_CXXCPP='g++ -E'
ac_cv_prog_ac_ct_AR=ar
ac_cv_prog_ac_ct_CC=gcc
ac_cv_prog_ac_ct_CXX=g++
ac_cv_prog_ac_ct_RANLIB=ranlib
ac_cv_prog_ac_ct_STRIP=strip
ac_cv_prog_cc_g=yes
ac_cv_prog_cc_stdc=
ac_cv_prog_cxx_g=yes
ac_cv_prog_egrep='grep -E'
ac_cv_prog_f77_g=no
ac_cv_prog_make_make_set=yes
am_cv_CC_dependencies_compiler_type=gcc3
am_cv_CXX_dependencies_compiler_type=gcc3
lt_cv_deplibs_check_method=pass_all
lt_cv_file_magic_cmd='$MAGIC_CMD'
lt_cv_file_magic_test_file=
lt_cv_ld_reload_flag=-r
lt_cv_objdir=.libs
lt_cv_path_LD=/usr/bin/ld
lt_cv_path_LDCXX=/usr/bin/ld
lt_cv_path_NM='/usr/bin/nm -B'
lt_cv_path_SED=/bin/sed
lt_cv_prog_compiler_c_o=yes
lt_cv_prog_compiler_c_o_CXX=yes
lt_cv_prog_compiler_rtti_exceptions=no
lt_cv_prog_gnu_ld=yes
lt_cv_prog_gnu_ldcxx=yes
lt_cv_sys_global_symbol_pipe='sed -n -e '\''s/^.*[ 	]\([ABCDGIRSTW][ABCDGIRSTW]*\)[ 	][ 	]*\([_A-Za-z][_A-Za-z0-9]*\)$/\1 \2 \2/p'\'''
lt_cv_sys_global_symbol_to_c_name_address='sed -n -e '\''s/^: \([^ ]*\) $/  {\"\1\", (lt_ptr) 0},/p'\'' -e '\''s/^[BCDEGRST] \([^ ]*\) \([^ ]*\)$/  {"\2", (lt_ptr) \&\2},/p'\'''
lt_cv_sys_global_symbol_to_cdecl='sed -n -e '\''s/^. .* \(.*\)$/extern int \1;/p'\'''
lt_cv_sys_max_cmd_len=32768
lt_lt_cv_prog_compiler_c_o='"yes"'
lt_lt_cv_prog_compiler_c_o_CXX='"yes"'
lt_lt_cv_sys_global_symbol_pipe='"sed -n -e '\''s/^.*[ 	]\\([ABCDGIRSTW][ABCDGIRSTW]*\\)[ 	][ 	]*\\([_A-Za-z][_A-Za-z0-9]*\\)\$/\\1 \\2 \\2/p'\''"'
lt_lt_cv_sys_global_symbol_to_c_name_address='"sed -n -e '\''s/^: \\([^ ]*\\) \$/  {\\\"\\1\\\", (lt_ptr) 0},/p'\'' -e '\''s/^[BCDEGRST] \\([^ ]*\\) \\([^ ]*\\)\$/  {\"\\2\", (lt_ptr) \\&\\2},/p'\''"'
lt_lt_cv_sys_global_symbol_to_cdecl='"sed -n -e '\''s/^. .* \\(.*\\)\$/extern int \\1;/p'\''"'

## ----------------- ##
## Output variables. ##
## ----------------- ##

ACLOCAL='${SHELL} /usr/src/iax-0.2.3/missing --run aclocal-1.9'
AMDEPBACKSLASH='\'
AMDEP_FALSE='#'
AMDEP_TRUE=''
AMTAR='${SHELL} /usr/src/iax-0.2.3/missing --run tar'
AR='ar'
AUTOCONF='${SHELL} /usr/src/iax-0.2.3/missing --run autoconf'
AUTOHEADER='${SHELL} /usr/src/iax-0.2.3/missing --run autoheader'
AUTOMAKE='${SHELL} /usr/src/iax-0.2.3/missing --run automake-1.9'
AWK='gawk'
CC='gcc'
CCDEPMODE='depmode=gcc3'
CFLAGS='-g -O2 -DNEWJB'
CPP='gcc -E'
CPPFLAGS=''
CXX='g++'
CXXCPP='g++ -E'
CXXDEPMODE='depmode=gcc3'
CXXFLAGS='-g -O2'
CYGPATH_W='echo'
DEFS='-DPACKAGE_NAME=\"\" -DPACKAGE_TARNAME=\"\" -DPACKAGE_VERSION=\"\" -DPACKAGE_STRING=\"\" -DPACKAGE_BUGREPORT=\"\" -DPACKAGE=\"iax\" -DVERSION=\"0.2.3\" -DSTDC_HEADERS=1 -DHAVE_SYS_TYPES_H=1 -DHAVE_SYS_STAT_H=1 -DHAVE_STDLIB_H=1 -DHAVE_STRING_H=1 -DHAVE_MEMORY_H=1 -DHAVE_STRINGS_H=1 -DHAVE_INTTYPES_H=1 -DHAVE_STDINT_H=1 -DHAVE_UNISTD_H=1 -DHAVE_DLFCN_H=1 -DSTDC_HEADERS=1 '
DEPDIR='.deps'
ECHO='echo'
ECHO_C=''
ECHO_N='-n'
ECHO_T=''
EGREP='grep -E'
EXEEXT=''
F77=''
FFLAGS=''
IAX_VERSION=''
INSTALL_DATA='${INSTALL} -m 644'
INSTALL_PROGRAM='${INSTALL}'
INSTALL_SCRIPT='${INSTALL}'
INSTALL_STRIP_PROGRAM='${SHELL} $(install_sh) -c -s'
LDFLAGS=''
LIBOBJS=''
LIBS=''
LIBTOOL='$(SHELL) $(top_builddir)/libtool'
LN_S='ln -s'
LTLIBOBJS=''
MAKEINFO='${SHELL} /usr/src/iax-0.2.3/missing --run makeinfo'
OBJEXT='o'
PACKAGE='iax'
PACKAGE_BUGREPORT=''
PACKAGE_NAME=''
PACKAGE_STRING=''
PACKAGE_TARNAME=''
PACKAGE_VERSION=''
PATH_SEPARATOR=':'
RANLIB='ranlib'
SET_MAKE=''
SHELL='/bin/sh'
STRIP='strip'
VERSION='0.2.3'
ac_ct_AR='ar'
ac_ct_CC='gcc'
ac_ct_CXX='g++'
ac_ct_F77=''
ac_ct_RANLIB='ranlib'
ac_ct_STRIP='strip'
am__fastdepCC_FALSE='#'
am__fastdepCC_TRUE=''
am__fastdepCXX_FALSE='#'
am__fastdepCXX_TRUE=''
am__include='include'
am__leading_dot='.'
am__quote=''
am__tar='${AMTAR} chof - "$$tardir"'
am__untar='${AMTAR} xf -'
bindir='${exec_prefix}/bin'
build='i686-pc-linux-gnu'
build_alias=''
build_cpu='i686'
build_os='linux-gnu'
build_vendor='pc'
datadir='${prefix}/share'
exec_prefix='${prefix}'
host='i686-pc-linux-gnu'
host_alias=''
host_cpu='i686'
host_os='linux-gnu'
host_vendor='pc'
includedir='${prefix}/include'
infodir='${prefix}/info'
install_sh='/usr/src/iax-0.2.3/install-sh'
libdir='${exec_prefix}/lib'
libexecdir='${exec_prefix}/libexec'
localstatedir='${prefix}/var'
mandir='${prefix}/man'
mkdir_p='mkdir -p --'
oldincludedir='/usr/include'
prefix='/usr/local'
program_transform_name='s,x,x,'
sbindir='${exec_prefix}/sbin'
sharedstatedir='${prefix}/com'
sysconfdir='${prefix}/etc'
target_alias=''

## ----------- ##
## confdefs.h. ##
## ----------- ##

#define HAVE_DLFCN_H 1
#define HAVE_INTTYPES_H 1
#define HAVE_MEMORY_H 1
#define HAVE_STDINT_H 1
#define HAVE_STDLIB_H 1
#define HAVE_STRINGS_H 1
#define HAVE_STRING_H 1
#define HAVE_SYS_STAT_H 1
#define HAVE_SYS_TYPES_H 1
#define HAVE_UNISTD_H 1
#define PACKAGE "iax"
#define PACKAGE_BUGREPORT ""
#define PACKAGE_NAME ""
#define PACKAGE_STRING ""
#define PACKAGE_TARNAME ""
#define PACKAGE_VERSION ""
#define STDC_HEADERS 1
#define STDC_HEADERS 1
#define VERSION "0.2.3"
#endif
#ifdef __cplusplus
extern "C" void std::exit (int) throw (); using std::exit;

configure: exit 0
